1531221841|/~sergius-taurus/php-2/index.php|http://localhost/~sergius-taurus/php-2/index.php?id=contact
1531221845|/~sergius-taurus/php-2/index.php|http://localhost/~sergius-taurus/php-2/index.php
1531221846|/~sergius-taurus/php-2/index.php?id=contact|http://localhost/~sergius-taurus/php-2/index.php
1531221851|/~sergius-taurus/php-2/index.php|http://localhost/~sergius-taurus/php-2/index.php?id=contact
1531222389|/~sergius-taurus/php-2/index.php?id=contact|http://localhost/~sergius-taurus/php-2/index.php
1531222390|/~sergius-taurus/php-2/index.php|http://localhost/~sergius-taurus/php-2/index.php?id=contact
1531222391|/~sergius-taurus/php-2/index.php?id=about|http://localhost/~sergius-taurus/php-2/index.php
1531222393|/~sergius-taurus/php-2/index.php|http://localhost/~sergius-taurus/php-2/index.php?id=about
1531222406|index|http://localhost/~sergius-taurus/php-2/index.php
1531222407|contact|http://localhost/~sergius-taurus/php-2/index.php
1531222409|index|http://localhost/~sergius-taurus/php-2/index.php?id=contact
1531222643|index|index.php
1531222644|contact|index.php
1531222645|about|index.php?id=contact
1531222646|index|index.php?id=about
1531223223|log|index.php
1531223227|index|index.php?id=log
1531223454|log|index.php
1531223572|log|index.php
1531223584|log|index.php
1531223614|log|index.php
1531223631|log|index.php
1531223737|log|index.php
1531223738|log|index.php
1531223747|log|index.php
1531223872|log|index.php
1531223875|index|index.php?id=log
1531223877|log|index.php
1531223950|log|index.php
1531224077|log|index.php
1531224092|index|index.php?id=log
1531224093|log|index.php
1531224095|index|index.php?id=log
1531224096|contact|index.php
1531224097|about|index.php?id=contact
1531224099|log|index.php?id=about
1531387515|index|
1531387516|index|
1531387519|gbook|php-2
1531387557|gbook|php-2
1531387579|gbook|php-2
1531387580|gbook|php-2
1531387594|gbook|php-2
1531387637|gbook|php-2
1531387650|gbook|index.php?id=gbook
1531388158|gbook|index.php?id=gbook
1531388160|gbook|index.php?id=gbook
1531388241|gbook|index.php?id=gbook
1531388274|gbook|index.php?id=gbook
1531388278|index|index.php?id=gbook
1531388280|gbook|index.php
1531388296|gbook|index.php
1531388355|gbook|index.php
1531388428|gbook|index.php
1531388469|gbook|index.php
1531390919|gbook|index.php
1531390930|gbook|index.php
1531390933|index|index.php?id=gbook
1531390936|gbook|index.php
1531391063|gbook|index.php
1531391094|gbook|index.php
1531391095|gbook|index.php
1531391157|gbook|index.php
1531391174|gbook|index.php
1531391247|gbook|index.php
1531391390|gbook|index.php
1531391536|gbook|index.php
1531393667|gbook|index.php
1531393738|gbook|index.php
1531393946|gbook|index.php
1531394144|gbook|index.php
1531394361|gbook|index.php
1531394450|gbook|index.php
1531394524|gbook|index.php?id=gbook
1531394950|gbook|index.php?id=gbook
1531394952|gbook|index.php?id=gbook
1531394952|gbook|index.php?id=gbook
1531394952|gbook|index.php?id=gbook
1531394952|gbook|index.php?id=gbook
1531394952|gbook|index.php?id=gbook
1531394952|gbook|index.php?id=gbook
1531394952|gbook|index.php?id=gbook
1531394952|gbook|index.php?id=gbook
1531394952|gbook|index.php?id=gbook
1531394952|gbook|index.php?id=gbook
1531394952|gbook|index.php?id=gbook
1531394952|gbook|index.php?id=gbook
1531394952|gbook|index.php?id=gbook
1531394952|gbook|index.php?id=gbook
1531394952|gbook|index.php?id=gbook
1531394952|gbook|index.php?id=gbook
1531394956|gbook|index.php?id=gbook
1531394956|gbook|index.php?id=gbook
1531394956|gbook|index.php?id=gbook
1531394956|gbook|index.php?id=gbook
1531394956|gbook|index.php?id=gbook
1531394956|gbook|index.php?id=gbook
1531394956|gbook|index.php?id=gbook
1531394956|gbook|index.php?id=gbook
1531394956|gbook|index.php?id=gbook
1531394956|gbook|index.php?id=gbook
1531394956|gbook|index.php?id=gbook
1531394956|gbook|index.php?id=gbook
1531394956|gbook|index.php?id=gbook
1531394956|gbook|index.php?id=gbook
1531394956|gbook|index.php?id=gbook
1531394956|gbook|index.php?id=gbook
1531394956|gbook|index.php?id=gbook
1531394959|index|index.php?id=gbook
1531394961|gbook|index.php
1531394961|gbook|index.php
1531394961|gbook|index.php
1531394961|gbook|index.php
1531394961|gbook|index.php
1531394961|gbook|index.php
1531394961|gbook|index.php
1531394961|gbook|index.php
1531394961|gbook|index.php
1531394962|gbook|index.php
1531394962|gbook|index.php
1531394962|gbook|index.php
1531394962|gbook|index.php
1531394962|gbook|index.php
1531394962|gbook|index.php
1531394962|gbook|index.php
1531394962|gbook|index.php
1531394987|gbook|
1531394987|gbook|
1531394987|gbook|
1531394987|gbook|
1531394987|gbook|
1531394987|gbook|
1531394987|gbook|
1531394988|gbook|
1531394988|gbook|
1531394988|gbook|
1531394988|gbook|
1531394988|gbook|
1531394988|gbook|
1531394988|gbook|
1531394988|gbook|
1531394988|gbook|
1531394988|gbook|
1531394990|gbook|
1531394990|gbook|
1531394990|gbook|
1531394990|gbook|
1531394990|gbook|
1531394990|gbook|
1531394990|gbook|
1531394990|gbook|
1531394991|gbook|
1531394991|gbook|
1531394991|gbook|
1531394991|gbook|
1531394991|gbook|
1531394991|gbook|
1531394991|gbook|
1531394991|gbook|
1531394991|gbook|
1531394995|index|index.php
1531395018|index|index.php
1531395020|gbook|index.php
1531395033|gbook|index.php
1531395033|gbook|index.php
1531395033|gbook|index.php
1531395033|gbook|index.php
1531395033|gbook|index.php
1531395033|gbook|index.php
1531395033|gbook|index.php
1531395033|gbook|index.php
1531395033|gbook|index.php
1531395033|gbook|index.php
1531395033|gbook|index.php
1531395033|gbook|index.php
1531395033|gbook|index.php
1531395033|gbook|index.php
1531395033|gbook|index.php
1531395033|gbook|index.php
1531395033|gbook|index.php
1531395251|gbook|
1531395251|gbook|
1531395251|gbook|
1531395251|gbook|
1531395251|gbook|
1531395251|gbook|
1531395252|gbook|
1531395252|gbook|
1531395252|gbook|
1531395252|gbook|
1531395252|gbook|
1531395252|gbook|
1531395252|gbook|
1531395252|gbook|
1531395252|gbook|
1531395252|gbook|
1531395252|gbook|
1531395280|gbook|
1531395717|gbook|
1531395778|gbook|
1531395780|gbook|
1531395817|gbook|
1531395845|gbook|
1531395966|gbook|
1531395979|gbook|
1531396043|gbook|
1531396120|gbook|
1531396170|gbook|
1531396504|gbook|
1531396541|gbook|
1531396550|gbook|index.php?id=gbook
1531396947|gbook|
1531396957|gbook|
1531397047|gbook|
1531397103|gbook|
1531397149|gbook|
1531397179|gbook|
1531397184|index|index.php?id=gbook&del=1
1531397186|contact|index.php
1531397187|about|index.php?id=contact
1531397189|info|index.php?id=about
1531397193|gbook|index.php?id=info
1531397370|gbook|index.php?id=info
1531397395|gbook|index.php?id=info
1531397442|gbook|index.php?id=info
1531397458|gbook|index.php?id=info
1531397677|gbook|index.php?id=info
1531397729|gbook|index.php?id=info
1531397754|gbook|index.php?id=info
1531397775|gbook|index.php?id=info
1531397789|gbook|index.php?id=info
1531397804|gbook|index.php?id=info
1531397838|gbook|index.php?id=info
1531397898|gbook|index.php?id=info
1531397916|gbook|index.php?id=gbook
1531397945|gbook|index.php?id=gbook
1531397979|gbook|index.php?id=gbook
1531397983|gbook|index.php?id=gbook
1531398045|gbook|index.php?id=gbook
1531398075|gbook|index.php?id=gbook
1531398338|gbook|index.php?id=gbook
1531398340|gbook|index.php?id=gbook&del=153
1531398342|gbook|index.php?id=gbook&del=153
1531398344|gbook|index.php?id=gbook&del=158
1531398346|gbook|index.php?id=gbook&del=157
1531398351|gbook|index.php?id=gbook&del=160
1531398353|gbook|index.php?id=gbook&del=3
1531398757|gbook|index.php?id=gbook&del=3
1531398823|gbook|index.php?id=gbook&del=3
1531399098|gbook|index.php?id=gbook&del=3
1531399130|gbook|index.php?id=gbook&del=3
1531399164|gbook|index.php?id=gbook&del=3
1531399164|gbook|index.php?id=gbook&del=3
1531399164|gbook|index.php?id=gbook&del=3
1531399164|gbook|index.php?id=gbook&del=3
1531399164|gbook|index.php?id=gbook&del=3
1531399164|gbook|index.php?id=gbook&del=3
1531399164|gbook|index.php?id=gbook&del=3
1531399164|gbook|index.php?id=gbook&del=3
1531399164|gbook|index.php?id=gbook&del=3
1531399164|gbook|index.php?id=gbook&del=3
1531399164|gbook|index.php?id=gbook&del=3
1531399164|gbook|index.php?id=gbook&del=3
1531399164|gbook|index.php?id=gbook&del=3
1531399164|gbook|index.php?id=gbook&del=3
1531399164|gbook|index.php?id=gbook&del=3
1531399164|gbook|index.php?id=gbook&del=3
1531399164|gbook|index.php?id=gbook&del=3
1531399195|gbook|
1531399249|gbook|
1531399309|gbook|
1531399325|gbook|
1531399542|gbook|
1531399574|gbook|
1531399580|gbook|index.php?id=gbook&del=4
1531399584|gbook|index.php?id=gbook&del=153
1531399587|gbook|index.php?id=gbook&del=163
1531399591|gbook|index.php?id=gbook&del=162
1531399594|gbook|index.php?id=gbook&del=161
1531399597|gbook|index.php?id=gbook&del=160
1531399599|gbook|index.php?id=gbook&del=159
1531399601|gbook|index.php?id=gbook&del=158
1531399604|gbook|index.php?id=gbook&del=157
1531399606|gbook|index.php?id=gbook&del=156
1531399608|gbook|index.php?id=gbook&del=155
1531399611|gbook|index.php?id=gbook&del=154
1531399613|gbook|index.php?id=gbook&del=152
1531399702|gbook|index.php?id=gbook&del=152
1531399717|gbook|index.php?id=gbook&del=152
1531399746|gbook|index.php?id=gbook&del=152
1531399781|gbook|index.php?id=gbook&del=152
1531399861|gbook|index.php?id=gbook&del=152
1531399980|gbook|index.php?id=gbook&del=152
1531400037|gbook|index.php?id=gbook&del=152
1531400131|gbook|index.php?id=gbook&del=152
1531400134|gbook|index.php?id=gbook
1531400501|gbook|index.php?id=gbook
1531400600|gbook|index.php?id=gbook
1531400603|gbook|index.php?id=gbook
1531400731|gbook|index.php?id=gbook
1531400731|gbook|index.php?id=gbook
1531400839|gbook|index.php?id=gbook
1531416638|index|
1531416644|index|
1531416857|index|
1531417489|index|
1531417924|index|
1531417930|index|
1531418136|index|
1531418268|index|
1531418271|index|
1531418272|index|
1531471505|index|
1531471510|index|
1531479882|index|
1531479887|index|
